C:\Program Files (x86)\Microsoft Visual Studio\2019\Community\MSBuild\Microsoft\VC\v160\Microsoft.CppBuild.targets(513,5): warning MSB8028: The intermediate directory (x64\Debug\) contains files shared from another project (nclgl-18SCOMPD178.vcxproj).  This can lead to incorrect clean and rebuild behavior.
  glad.c
  ComputeShader.cpp
  CubeRobot.cpp
D:\Graphics Coursework\nclgl\CubeRobot.cpp(49,70): warning C4244: 'argument': conversion from 'double' to 'const float', possible loss of data
D:\Graphics Coursework\nclgl\CubeRobot.cpp(49,58): warning C4244: 'argument': conversion from 'double' to 'const float', possible loss of data
  Frustum.cpp
  GameTimer.cpp
  HeightMap.cpp
D:\Graphics Coursework\nclgl\HeightMap.cpp(27,48): warning C4244: 'argument': conversion from 'int' to 'const float', possible loss of data
D:\Graphics Coursework\nclgl\HeightMap.cpp(27,31): warning C4244: 'argument': conversion from 'int' to 'const float', possible loss of data
D:\Graphics Coursework\nclgl\HeightMap.cpp(28,39): warning C4244: 'argument': conversion from 'int' to 'const float', possible loss of data
D:\Graphics Coursework\nclgl\HeightMap.cpp(28,36): warning C4244: 'argument': conversion from 'int' to 'const float', possible loss of data
D:\Graphics Coursework\nclgl\HeightMap.cpp(57,20): warning C4018: '<': signed/unsigned mismatch
  Keyboard.cpp
  Matrix2.cpp
  Matrix3.cpp
  Matrix4.cpp
  Mesh.cpp
  MeshAnimation.cpp
  MeshMaterial.cpp
  Mouse.cpp
  OGLRenderer.cpp
  Plane.cpp
  Quaternion.cpp
  Shader.cpp
  SceneNode.cpp
  Camera.cpp
D:\Graphics Coursework\nclgl\Camera.cpp(66,160): warning C4244: 'argument': conversion from 'double' to 'const float', possible loss of data
D:\Graphics Coursework\nclgl\Camera.cpp(66,143): warning C4244: 'argument': conversion from 'double' to 'const float', possible loss of data
  Window.cpp
  Generating Code...
  nclgl.vcxproj -> D:\Graphics Coursework\x64\Debug\nclgl.lib
